<?xml version="1.0" encoding="UTF-8"?>
<testsuite xmlns:xsi="http://www.w3.org/2001/XMLSchema-instance" xsi:noNamespaceSchemaLocation="https://maven.apache.org/surefire/maven-surefire-plugin/xsd/surefire-test-report.xsd" name="vs.bankingunittests.controller.ATMTest" time="0.687" tests="15" errors="0" skipped="0" failures="0">
  <properties>
[...]
</properties>
  <testcase name="withdraw_regular_account_zero_amount" classname="vs.bankingunittests.controller.ATMTest" time="0.089"/>
  <testcase name="transfer_regular_source_limited_target_zero_amount" classname="vs.bankingunittests.controller.ATMTest" time="0"/>
  <testcase name="withdraw_regular_account_normal_amount" classname="vs.bankingunittests.controller.ATMTest" time="0.042"/>
  <testcase name="deposit_limited_account_amount_below_limit" classname="vs.bankingunittests.controller.ATMTest" time="0.045"/>
  <testcase name="withdraw_regular_account_amount_more_than_balance" classname="vs.bankingunittests.controller.ATMTest" time="0"/>
  <testcase name="withdraw_regular_account_amount_exactly_balance" classname="vs.bankingunittests.controller.ATMTest" time="0.042"/>
  <testcase name="transfer_regular_source_regular_target_normal_amount" classname="vs.bankingunittests.controller.ATMTest" time="0.08"/>
  <testcase name="deposit_regular_account_some_amount" classname="vs.bankingunittests.controller.ATMTest" time="0"/>
  <testcase name="transfer_regular_source_regular_target_amount_more_than_balance" classname="vs.bankingunittests.controller.ATMTest" time="0"/>
  <testcase name="deposit_limited_account_zero_amount" classname="vs.bankingunittests.controller.ATMTest" time="0.046"/>
  <testcase name="deposit_limited_account_amount_at_limit" classname="vs.bankingunittests.controller.ATMTest" time="0.047"/>
  <testcase name="deposit_limited_account_amount_above_limit" classname="vs.bankingunittests.controller.ATMTest" time="0"/>
  <testcase name="withdraw_limited_account_zero_amount" classname="vs.bankingunittests.controller.ATMTest" time="0.045"/>
  <testcase name="deposit_regular_account_zero_amount" classname="vs.bankingunittests.controller.ATMTest" time="0"/>
  <testcase name="transfer_regular_source_regular_target_zero_amount" classname="vs.bankingunittests.controller.ATMTest" time="0.169"/>
</testsuite>