<?xml version="1.0" encoding="UTF-8" ?>
<testsuite tests="14" failures="0" name="vs.bankingunittests.controller.ATMTest" time="0.015" errors="0" skipped="0">
  <properties>
[...]
</properties>
  <testcase classname="vs.bankingunittests.controller.ATMTest" name="withdraw_regular_account_zero_amount" time="0"/>
  <testcase classname="vs.bankingunittests.controller.ATMTest" name="withdraw_regular_account_normal_amount" time="0"/>
  <testcase classname="vs.bankingunittests.controller.ATMTest" name="deposit_limited_account_amount_below_limit" time="0"/>
  <testcase classname="vs.bankingunittests.controller.ATMTest" name="withdraw_regular_account_amount_more_than_balance" time="0"/>
  <testcase classname="vs.bankingunittests.controller.ATMTest" name="withdraw_regular_account_amount_exactly_balance" time="0.015"/>
  <testcase classname="vs.bankingunittests.controller.ATMTest" name="transfer_regular_source_regular_target_normal_amount" time="0"/>
  <testcase classname="vs.bankingunittests.controller.ATMTest" name="deposit_regular_account_some_amount" time="0"/>
  <testcase classname="vs.bankingunittests.controller.ATMTest" name="transfer_regular_source_regular_target_amount_more_than_balance" time="0"/>
  <testcase classname="vs.bankingunittests.controller.ATMTest" name="deposit_limited_account_zero_amount" time="0"/>
  <testcase classname="vs.bankingunittests.controller.ATMTest" name="deposit_limited_account_amount_at_limit" time="0"/>
  <testcase classname="vs.bankingunittests.controller.ATMTest" name="deposit_limited_account_amount_above_limit" time="0"/>
  <testcase classname="vs.bankingunittests.controller.ATMTest" name="withdraw_limited_account_zero_amount" time="0"/>
  <testcase classname="vs.bankingunittests.controller.ATMTest" name="deposit_regular_account_zero_amount" time="0"/>
  <testcase classname="vs.bankingunittests.controller.ATMTest" name="transfer_regular_source_regular_target_zero_amount" time="0"/>
</testsuite>